17:39:33.881 INFO  ---------------------------------------------------JOB EXXECUTE
??
18:00:00.023 INFO  Se ha enviadoFri Apr 20 2018 18:00:00 GMT-0500 (Hora est. Pacífico, Sudamérica)
{ 'message-count': '1',
  messages: 
   [ { to: '573208515855',
       'message-id': '0C000000A911A13A',
       status: '0',
       'remaining-balance': '1.74750000',
       'message-price': '0.05050000',
       network: '732101' } ] }
??
18:01:00.009 INFO  Se ha enviadoFri Apr 20 2018 18:01:00 GMT-0500 (Hora est. Pacífico, Sudamérica)
{ 'message-count': '1',
  messages: 
   [ { to: '573208515855',
       'message-id': '0B000000CFB2BFDD',
       status: '0',
       'remaining-balance': '1.69700000',
       'message-price': '0.05050000',
       network: '732101' } ] }
??
18:02:00.007 INFO  Se ha enviadoFri Apr 20 2018 18:02:00 GMT-0500 (Hora est. Pacífico, Sudamérica)
{ 'message-count': '1',
  messages: 
   [ { to: '573208515855',
       'message-id': '0C000000A911C1EE',
       status: '0',
       'remaining-balance': '1.64650000',
       'message-price': '0.05050000',
       network: '732101' } ] }
??
18:03:00.009 INFO  Se ha enviadoFri Apr 20 2018 18:03:00 GMT-0500 (Hora est. Pacífico, Sudamérica)
{ 'message-count': '1',
  messages: 
   [ { to: '573208515855',
       'message-id': '0B000000CFB2D9CD',
       status: '0',
       'remaining-balance': '1.59600000',
       'message-price': '0.05050000',
       network: '732101' } ] }
??
18:04:00.007 INFO  Se ha enviadoFri Apr 20 2018 18:04:00 GMT-0500 (Hora est. Pacífico, Sudamérica)
{ 'message-count': '1',
  messages: 
   [ { to: '573208515855',
       'message-id': '0C000000A911DC5D',
       status: '0',
       'remaining-balance': '1.54550000',
       'message-price': '0.05050000',
       network: '732101' } ] }
??
18:05:00.010 INFO  Se ha enviadoFri Apr 20 2018 18:05:00 GMT-0500 (Hora est. Pacífico, Sudamérica)
{ 'message-count': '1',
  messages: 
   [ { to: '573208515855',
       'message-id': '0B000000CFB2F199',
       status: '0',
       'remaining-balance': '1.49500000',
       'message-price': '0.05050000',
       network: '732101' } ] }
??
18:06:00.009 INFO  Se ha enviadoFri Apr 20 2018 18:06:00 GMT-0500 (Hora est. Pacífico, Sudamérica)
{ 'message-count': '1',
  messages: 
   [ { to: '573208515855',
       'message-id': '0B000000CFB2FE27',
       status: '0',
       'remaining-balance': '1.44450000',
       'message-price': '0.05050000',
       network: '732101' } ] }
??
18:07:00.006 INFO  Se ha enviadoFri Apr 20 2018 18:07:00 GMT-0500 (Hora est. Pacífico, Sudamérica)
{ 'message-count': '1',
  messages: 
   [ { to: '573208515855',
       'message-id': '0B000000CFB30BD1',
       status: '0',
       'remaining-balance': '1.39400000',
       'message-price': '0.05050000',
       network: '732101' } ] }
??
18:08:00.007 INFO  Se ha enviadoFri Apr 20 2018 18:08:00 GMT-0500 (Hora est. Pacífico, Sudamérica)
{ 'message-count': '1',
  messages: 
   [ { to: '573208515855',
       'message-id': '0B000000CFB31888',
       status: '0',
       'remaining-balance': '1.34350000',
       'message-price': '0.05050000',
       network: '732101' } ] }
??
18:09:00.008 INFO  Se ha enviadoFri Apr 20 2018 18:09:00 GMT-0500 (Hora est. Pacífico, Sudamérica)
{ 'message-count': '1',
  messages: 
   [ { to: '573208515855',
       'message-id': '0B000000CFB3223E',
       status: '0',
       'remaining-balance': '1.29300000',
       'message-price': '0.05050000',
       network: '732101' } ] }
??
18:10:00.006 INFO  Se ha enviadoFri Apr 20 2018 18:10:00 GMT-0500 (Hora est. Pacífico, Sudamérica)
{ 'message-count': '1',
  messages: 
   [ { to: '573208515855',
       'message-id': '0B000000CFB32D7B',
       status: '0',
       'remaining-balance': '1.24250000',
       'message-price': '0.05050000',
       network: '732101' } ] }
??
18:11:00.006 INFO  Se ha enviadoFri Apr 20 2018 18:11:00 GMT-0500 (Hora est. Pacífico, Sudamérica)
{ 'message-count': '1',
  messages: 
   [ { to: '573208515855',
       'message-id': '0B000000CFB3387E',
       status: '0',
       'remaining-balance': '1.19200000',
       'message-price': '0.05050000',
       network: '732101' } ] }
??
18:12:00.006 INFO  Se ha enviadoFri Apr 20 2018 18:12:00 GMT-0500 (Hora est. Pacífico, Sudamérica)
{ 'message-count': '1',
  messages: 
   [ { to: '573208515855',
       'message-id': '0C000000A9124415',
       status: '0',
       'remaining-balance': '1.14150000',
       'message-price': '0.05050000',
       network: '732101' } ] }
??
18:13:00.019 INFO  Se ha enviadoFri Apr 20 2018 18:13:00 GMT-0500 (Hora est. Pacífico, Sudamérica)
{ 'message-count': '1',
  messages: 
   [ { to: '573208515855',
       'message-id': '0B000000CFB35252',
       status: '0',
       'remaining-balance': '1.09100000',
       'message-price': '0.05050000',
       network: '732101' } ] }
??
18:14:00.005 INFO  Se ha enviadoFri Apr 20 2018 18:14:00 GMT-0500 (Hora est. Pacífico, Sudamérica)
{ 'message-count': '1',
  messages: 
   [ { to: '573208515855',
       'message-id': '0C000000A9125EF5',
       status: '0',
       'remaining-balance': '1.04050000',
       'message-price': '0.05050000',
       network: '732101' } ] }
??
18:15:00.005 INFO  Se ha enviadoFri Apr 20 2018 18:15:00 GMT-0500 (Hora est. Pacífico, Sudamérica)
{ 'message-count': '1',
  messages: 
   [ { to: '573208515855',
       'message-id': '0C000000A9126B44',
       status: '0',
       'remaining-balance': '0.99000000',
       'message-price': '0.05050000',
       network: '732101' } ] }
??
18:16:00.006 INFO  Se ha enviadoFri Apr 20 2018 18:16:00 GMT-0500 (Hora est. Pacífico, Sudamérica)
{ 'message-count': '1',
  messages: 
   [ { to: '573208515855',
       'message-id': '0C000000A912777E',
       status: '0',
       'remaining-balance': '0.93950000',
       'message-price': '0.05050000',
       network: '732101' } ] }
??
18:17:00.005 INFO  Se ha enviadoFri Apr 20 2018 18:17:00 GMT-0500 (Hora est. Pacífico, Sudamérica)
{ 'message-count': '1',
  messages: 
   [ { to: '573208515855',
       'message-id': '0B000000CFB381B2',
       status: '0',
       'remaining-balance': '0.88900000',
       'message-price': '0.05050000',
       network: '732101' } ] }
??
18:18:00.008 INFO  Se ha enviadoFri Apr 20 2018 18:18:00 GMT-0500 (Hora est. Pacífico, Sudamérica)
{ 'message-count': '1',
  messages: 
   [ { to: '573208515855',
       'message-id': '0C000000A9129182',
       status: '0',
       'remaining-balance': '0.83850000',
       'message-price': '0.05050000',
       network: '732101' } ] }
??
18:19:00.006 INFO  Se ha enviadoFri Apr 20 2018 18:19:00 GMT-0500 (Hora est. Pacífico, Sudamérica)
{ 'message-count': '1',
  messages: 
   [ { to: '573208515855',
       'message-id': '0C000000A9129D0D',
       status: '0',
       'remaining-balance': '0.78800000',
       'message-price': '0.05050000',
       network: '732101' } ] }
??
18:20:00.005 INFO  Se ha enviadoFri Apr 20 2018 18:20:00 GMT-0500 (Hora est. Pacífico, Sudamérica)
{ 'message-count': '1',
  messages: 
   [ { to: '573208515855',
       'message-id': '0C000000A912A7C8',
       status: '0',
       'remaining-balance': '0.73750000',
       'message-price': '0.05050000',
       network: '732101' } ] }
??
18:21:00.008 INFO  Se ha enviadoFri Apr 20 2018 18:21:00 GMT-0500 (Hora est. Pacífico, Sudamérica)
{ 'message-count': '1',
  messages: 
   [ { to: '573208515855',
       'message-id': '0C000000A912B3FD',
       status: '0',
       'remaining-balance': '0.68700000',
       'message-price': '0.05050000',
       network: '732101' } ] }
??
18:22:00.005 INFO  Se ha enviadoFri Apr 20 2018 18:22:00 GMT-0500 (Hora est. Pacífico, Sudamérica)
{ 'message-count': '1',
  messages: 
   [ { to: '573208515855',
       'message-id': '0C000000A912C12D',
       status: '0',
       'remaining-balance': '0.63650000',
       'message-price': '0.05050000',
       network: '732101' } ] }
??
18:23:00.006 INFO  Se ha enviadoFri Apr 20 2018 18:23:00 GMT-0500 (Hora est. Pacífico, Sudamérica)
{ 'message-count': '1',
  messages: 
   [ { to: '573208515855',
       'message-id': '0C000000A912CE20',
       status: '0',
       'remaining-balance': '0.58600000',
       'message-price': '0.05050000',
       network: '732101' } ] }
??
18:24:00.006 INFO  Se ha enviadoFri Apr 20 2018 18:24:00 GMT-0500 (Hora est. Pacífico, Sudamérica)
{ 'message-count': '1',
  messages: 
   [ { to: '573208515855',
       'message-id': '0B000000CFB3CF13',
       status: '0',
       'remaining-balance': '0.53550000',
       'message-price': '0.05050000',
       network: '732101' } ] }
??
18:25:00.003 INFO  Se ha enviadoFri Apr 20 2018 18:25:00 GMT-0500 (Hora est. Pacífico, Sudamérica)
{ 'message-count': '1',
  messages: 
   [ { to: '573208515855',
       'message-id': '0B000000CFB3D8AC',
       status: '0',
       'remaining-balance': '0.48500000',
       'message-price': '0.05050000',
       network: '732101' } ] }
??
18:26:00.006 INFO  Se ha enviadoFri Apr 20 2018 18:26:00 GMT-0500 (Hora est. Pacífico, Sudamérica)
{ 'message-count': '1',
  messages: 
   [ { to: '573208515855',
       'message-id': '0B000000CFB3E277',
       status: '0',
       'remaining-balance': '0.43450000',
       'message-price': '0.05050000',
       network: '732101' } ] }
??
18:27:00.005 INFO  Se ha enviadoFri Apr 20 2018 18:27:00 GMT-0500 (Hora est. Pacífico, Sudamérica)
{ 'message-count': '1',
  messages: 
   [ { to: '573208515855',
       'message-id': '0C000000A912FC00',
       status: '0',
       'remaining-balance': '0.38400000',
       'message-price': '0.05050000',
       network: '732101' } ] }
??
18:28:00.005 INFO  Se ha enviadoFri Apr 20 2018 18:28:00 GMT-0500 (Hora est. Pacífico, Sudamérica)
{ 'message-count': '1',
  messages: 
   [ { to: '573208515855',
       'message-id': '0C000000A91306D1',
       status: '0',
       'remaining-balance': '0.33350000',
       'message-price': '0.05050000',
       network: '732101' } ] }
??
18:29:00.004 INFO  Se ha enviadoFri Apr 20 2018 18:29:00 GMT-0500 (Hora est. Pacífico, Sudamérica)
{ 'message-count': '1',
  messages: 
   [ { to: '573208515855',
       'message-id': '0C000000A9131235',
       status: '0',
       'remaining-balance': '0.28300000',
       'message-price': '0.05050000',
       network: '732101' } ] }
??
18:30:00.010 INFO  Se ha enviadoFri Apr 20 2018 18:30:00 GMT-0500 (Hora est. Pacífico, Sudamérica)
{ 'message-count': '1',
  messages: 
   [ { to: '573208515855',
       'message-id': '0B000000CFB40AA3',
       status: '0',
       'remaining-balance': '0.23250000',
       'message-price': '0.05050000',
       network: '732101' } ] }
??
18:31:00.012 INFO  Se ha enviadoFri Apr 20 2018 18:31:00 GMT-0500 (Hora est. Pacífico, Sudamérica)
{ 'message-count': '1',
  messages: 
   [ { to: '573208515855',
       'message-id': '0B000000CFB41D63',
       status: '0',
       'remaining-balance': '0.18200000',
       'message-price': '0.05050000',
       network: '732101' } ] }
??
18:32:00.007 INFO  Se ha enviadoFri Apr 20 2018 18:32:00 GMT-0500 (Hora est. Pacífico, Sudamérica)
{ 'message-count': '1',
  messages: 
   [ { to: '573208515855',
       'message-id': '0C000000A9133516',
       status: '0',
       'remaining-balance': '0.13150000',
       'message-price': '0.05050000',
       network: '732101' } ] }
??
18:33:00.006 INFO  Se ha enviadoFri Apr 20 2018 18:33:00 GMT-0500 (Hora est. Pacífico, Sudamérica)
{ 'message-count': '1',
  messages: 
   [ { to: '573208515855',
       'message-id': '0B000000CFB433A4',
       status: '0',
       'remaining-balance': '0.08100000',
       'message-price': '0.05050000',
       network: '732101' } ] }
??
18:34:00.009 INFO  Se ha enviadoFri Apr 20 2018 18:34:00 GMT-0500 (Hora est. Pacífico, Sudamérica)
{ 'message-count': '1',
  messages: 
   [ { to: '573208515855',
       'message-id': '0B000000CFB43E4B',
       status: '0',
       'remaining-balance': '0.03050000',
       'message-price': '0.05050000',
       network: '732101' } ] }
??
18:35:00.006 INFO  Se ha enviadoFri Apr 20 2018 18:35:00 GMT-0500 (Hora est. Pacífico, Sudamérica)
{ 'message-count': '1',
  messages: 
   [ { to: '573208515855',
       status: '9',
       'error-text': 'Quota Exceeded - rejected',
       'remaining-balance': '0.03050000',
       'message-price': '0.05050000',
       network: '732101' } ] }
??
18:36:00.005 INFO  Se ha enviadoFri Apr 20 2018 18:36:00 GMT-0500 (Hora est. Pacífico, Sudamérica)
{ 'message-count': '1',
  messages: 
   [ { to: '573208515855',
       status: '9',
       'error-text': 'Quota Exceeded - rejected',
       'remaining-balance': '0.03050000',
       'message-price': '0.05050000',
       network: '732101' } ] }
??
18:37:00.006 INFO  Se ha enviadoFri Apr 20 2018 18:37:00 GMT-0500 (Hora est. Pacífico, Sudamérica)
{ 'message-count': '1',
  messages: 
   [ { to: '573208515855',
       status: '9',
       'error-text': 'Quota Exceeded - rejected',
       'remaining-balance': '0.03050000',
       'message-price': '0.05050000',
       network: '732101' } ] }
??
18:38:00.007 INFO  Se ha enviadoFri Apr 20 2018 18:38:00 GMT-0500 (Hora est. Pacífico, Sudamérica)
{ 'message-count': '1',
  messages: 
   [ { to: '573208515855',
       status: '9',
       'error-text': 'Quota Exceeded - rejected',
       'remaining-balance': '0.03050000',
       'message-price': '0.05050000',
       network: '732101' } ] }
??
18:39:00.006 INFO  Se ha enviadoFri Apr 20 2018 18:39:00 GMT-0500 (Hora est. Pacífico, Sudamérica)
{ 'message-count': '1',
  messages: 
   [ { to: '573208515855',
       status: '9',
       'error-text': 'Quota Exceeded - rejected',
       'remaining-balance': '0.03050000',
       'message-price': '0.05050000',
       network: '732101' } ] }
??
18:40:00.006 INFO  Se ha enviadoFri Apr 20 2018 18:40:00 GMT-0500 (Hora est. Pacífico, Sudamérica)
{ 'message-count': '1',
  messages: 
   [ { to: '573208515855',
       status: '9',
       'error-text': 'Quota Exceeded - rejected',
       'remaining-balance': '0.03050000',
       'message-price': '0.05050000',
       network: '732101' } ] }
??
18:41:00.005 INFO  Se ha enviadoFri Apr 20 2018 18:41:00 GMT-0500 (Hora est. Pacífico, Sudamérica)
{ 'message-count': '1',
  messages: 
   [ { to: '573208515855',
       status: '9',
       'error-text': 'Quota Exceeded - rejected',
       'remaining-balance': '0.03050000',
       'message-price': '0.05050000',
       network: '732101' } ] }
??
18:42:00.006 INFO  Se ha enviadoFri Apr 20 2018 18:42:00 GMT-0500 (Hora est. Pacífico, Sudamérica)
{ 'message-count': '1',
  messages: 
   [ { to: '573208515855',
       status: '9',
       'error-text': 'Quota Exceeded - rejected',
       'remaining-balance': '0.03050000',
       'message-price': '0.05050000',
       network: '732101' } ] }
??
18:43:00.009 INFO  Se ha enviadoFri Apr 20 2018 18:43:00 GMT-0500 (Hora est. Pacífico, Sudamérica)
{ 'message-count': '1',
  messages: 
   [ { to: '573208515855',
       status: '9',
       'error-text': 'Quota Exceeded - rejected',
       'remaining-balance': '0.03050000',
       'message-price': '0.05050000',
       network: '732101' } ] }
??
18:44:00.006 INFO  Se ha enviadoFri Apr 20 2018 18:44:00 GMT-0500 (Hora est. Pacífico, Sudamérica)
{ 'message-count': '1',
  messages: 
   [ { to: '573208515855',
       status: '9',
       'error-text': 'Quota Exceeded - rejected',
       'remaining-balance': '0.03050000',
       'message-price': '0.05050000',
       network: '732101' } ] }
??
18:45:00.005 INFO  Se ha enviadoFri Apr 20 2018 18:45:00 GMT-0500 (Hora est. Pacífico, Sudamérica)
{ 'message-count': '1',
  messages: 
   [ { to: '573208515855',
       status: '9',
       'error-text': 'Quota Exceeded - rejected',
       'remaining-balance': '0.03050000',
       'message-price': '0.05050000',
       network: '732101' } ] }
??
18:46:00.006 INFO  Se ha enviadoFri Apr 20 2018 18:46:00 GMT-0500 (Hora est. Pacífico, Sudamérica)
{ 'message-count': '1',
  messages: 
   [ { to: '573208515855',
       status: '9',
       'error-text': 'Quota Exceeded - rejected',
       'remaining-balance': '0.03050000',
       'message-price': '0.05050000',
       network: '732101' } ] }
??
18:47:00.001 INFO  Se ha enviadoFri Apr 20 2018 18:47:00 GMT-0500 (Hora est. Pacífico, Sudamérica)
{ 'message-count': '1',
  messages: 
   [ { to: '573208515855',
       status: '9',
       'error-text': 'Quota Exceeded - rejected',
       'remaining-balance': '0.03050000',
       'message-price': '0.05050000',
       network: '732101' } ] }
??
18:48:00.005 INFO  Se ha enviadoFri Apr 20 2018 18:48:00 GMT-0500 (Hora est. Pacífico, Sudamérica)
{ 'message-count': '1',
  messages: 
   [ { to: '573208515855',
       status: '9',
       'error-text': 'Quota Exceeded - rejected',
       'remaining-balance': '0.03050000',
       'message-price': '0.05050000',
       network: '732101' } ] }
??
18:49:00.004 INFO  Se ha enviadoFri Apr 20 2018 18:49:00 GMT-0500 (Hora est. Pacífico, Sudamérica)
{ 'message-count': '1',
  messages: 
   [ { to: '573208515855',
       status: '9',
       'error-text': 'Quota Exceeded - rejected',
       'remaining-balance': '0.03050000',
       'message-price': '0.05050000',
       network: '732101' } ] }
??
18:50:00.007 INFO  Se ha enviadoFri Apr 20 2018 18:50:00 GMT-0500 (Hora est. Pacífico, Sudamérica)
{ 'message-count': '1',
  messages: 
   [ { to: '573208515855',
       status: '9',
       'error-text': 'Quota Exceeded - rejected',
       'remaining-balance': '0.03050000',
       'message-price': '0.05050000',
       network: '732101' } ] }
??
18:51:00.004 INFO  Se ha enviadoFri Apr 20 2018 18:51:00 GMT-0500 (Hora est. Pacífico, Sudamérica)
{ 'message-count': '1',
  messages: 
   [ { to: '573208515855',
       status: '9',
       'error-text': 'Quota Exceeded - rejected',
       'remaining-balance': '0.03050000',
       'message-price': '0.05050000',
       network: '732101' } ] }
??
18:52:00.006 INFO  Se ha enviadoFri Apr 20 2018 18:52:00 GMT-0500 (Hora est. Pacífico, Sudamérica)
{ 'message-count': '1',
  messages: 
   [ { to: '573208515855',
       status: '9',
       'error-text': 'Quota Exceeded - rejected',
       'remaining-balance': '0.03050000',
       'message-price': '0.05050000',
       network: '732101' } ] }
??
18:53:00.004 INFO  Se ha enviadoFri Apr 20 2018 18:53:00 GMT-0500 (Hora est. Pacífico, Sudamérica)
{ 'message-count': '1',
  messages: 
   [ { to: '573208515855',
       status: '9',
       'error-text': 'Quota Exceeded - rejected',
       'remaining-balance': '0.03050000',
       'message-price': '0.05050000',
       network: '732101' } ] }
??
18:54:00.005 INFO  Se ha enviadoFri Apr 20 2018 18:54:00 GMT-0500 (Hora est. Pacífico, Sudamérica)
{ 'message-count': '1',
  messages: 
   [ { to: '573208515855',
       status: '9',
       'error-text': 'Quota Exceeded - rejected',
       'remaining-balance': '0.03050000',
       'message-price': '0.05050000',
       network: '732101' } ] }
??
18:55:00.006 INFO  Se ha enviadoFri Apr 20 2018 18:55:00 GMT-0500 (Hora est. Pacífico, Sudamérica)
{ 'message-count': '1',
  messages: 
   [ { to: '573208515855',
       status: '9',
       'error-text': 'Quota Exceeded - rejected',
       'remaining-balance': '0.03050000',
       'message-price': '0.05050000',
       network: '732101' } ] }
??
18:56:00.005 INFO  Se ha enviadoFri Apr 20 2018 18:56:00 GMT-0500 (Hora est. Pacífico, Sudamérica)
{ 'message-count': '1',
  messages: 
   [ { to: '573208515855',
       status: '9',
       'error-text': 'Quota Exceeded - rejected',
       'remaining-balance': '0.03050000',
       'message-price': '0.05050000',
       network: '732101' } ] }
??
18:57:00.004 INFO  Se ha enviadoFri Apr 20 2018 18:57:00 GMT-0500 (Hora est. Pacífico, Sudamérica)
{ 'message-count': '1',
  messages: 
   [ { to: '573208515855',
       status: '9',
       'error-text': 'Quota Exceeded - rejected',
       'remaining-balance': '0.03050000',
       'message-price': '0.05050000',
       network: '732101' } ] }
??
18:58:00.005 INFO  Se ha enviadoFri Apr 20 2018 18:58:00 GMT-0500 (Hora est. Pacífico, Sudamérica)
{ 'message-count': '1',
  messages: 
   [ { to: '573208515855',
       status: '9',
       'error-text': 'Quota Exceeded - rejected',
       'remaining-balance': '0.03050000',
       'message-price': '0.05050000',
       network: '732101' } ] }
??
18:59:00.010 INFO  Se ha enviadoFri Apr 20 2018 18:59:00 GMT-0500 (Hora est. Pacífico, Sudamérica)
{ 'message-count': '1',
  messages: 
   [ { to: '573208515855',
       status: '9',
       'error-text': 'Quota Exceeded - rejected',
       'remaining-balance': '0.03050000',
       'message-price': '0.05050000',
       network: '732101' } ] }
??
21:00:00.007 INFO  Se ha enviadoFri Apr 20 2018 21:00:00 GMT-0500 (Hora est. Pacífico, Sudamérica)
{ 'message-count': '1',
  messages: 
   [ { to: '573208515855',
       status: '9',
       'error-text': 'Quota Exceeded - rejected',
       'remaining-balance': '0.03050000',
       'message-price': '0.05050000',
       network: '732101' } ] }
??
21:01:00.004 INFO  Se ha enviadoFri Apr 20 2018 21:01:00 GMT-0500 (Hora est. Pacífico, Sudamérica)
{ 'message-count': '1',
  messages: 
   [ { to: '573208515855',
       status: '9',
       'error-text': 'Quota Exceeded - rejected',
       'remaining-balance': '0.03050000',
       'message-price': '0.05050000',
       network: '732101' } ] }
??
21:02:00.004 INFO  Se ha enviadoFri Apr 20 2018 21:02:00 GMT-0500 (Hora est. Pacífico, Sudamérica)
{ 'message-count': '1',
  messages: 
   [ { to: '573208515855',
       status: '9',
       'error-text': 'Quota Exceeded - rejected',
       'remaining-balance': '0.03050000',
       'message-price': '0.05050000',
       network: '732101' } ] }
??
21:03:00.005 INFO  Se ha enviadoFri Apr 20 2018 21:03:00 GMT-0500 (Hora est. Pacífico, Sudamérica)
{ 'message-count': '1',
  messages: 
   [ { to: '573208515855',
       status: '9',
       'error-text': 'Quota Exceeded - rejected',
       'remaining-balance': '0.03050000',
       'message-price': '0.05050000',
       network: '732101' } ] }
??
21:04:00.005 INFO  Se ha enviadoFri Apr 20 2018 21:04:00 GMT-0500 (Hora est. Pacífico, Sudamérica)
{ 'message-count': '1',
  messages: 
   [ { to: '573208515855',
       status: '9',
       'error-text': 'Quota Exceeded - rejected',
       'remaining-balance': '0.03050000',
       'message-price': '0.05050000',
       network: '732101' } ] }
??
21:05:00.018 INFO  Se ha enviadoFri Apr 20 2018 21:05:00 GMT-0500 (Hora est. Pacífico, Sudamérica)
{ 'message-count': '1',
  messages: 
   [ { to: '573208515855',
       status: '9',
       'error-text': 'Quota Exceeded - rejected',
       'remaining-balance': '0.03050000',
       'message-price': '0.05050000',
       network: '732101' } ] }
??
21:06:00.004 INFO  Se ha enviadoFri Apr 20 2018 21:06:00 GMT-0500 (Hora est. Pacífico, Sudamérica)
{ 'message-count': '1',
  messages: 
   [ { to: '573208515855',
       status: '9',
       'error-text': 'Quota Exceeded - rejected',
       'remaining-balance': '0.03050000',
       'message-price': '0.05050000',
       network: '732101' } ] }
??
21:07:00.005 INFO  Se ha enviadoFri Apr 20 2018 21:07:00 GMT-0500 (Hora est. Pacífico, Sudamérica)
{ 'message-count': '1',
  messages: 
   [ { to: '573208515855',
       status: '9',
       'error-text': 'Quota Exceeded - rejected',
       'remaining-balance': '0.03050000',
       'message-price': '0.05050000',
       network: '732101' } ] }
??
21:08:00.002 INFO  Se ha enviadoFri Apr 20 2018 21:08:00 GMT-0500 (Hora est. Pacífico, Sudamérica)
{ 'message-count': '1',
  messages: 
   [ { to: '573208515855',
       status: '9',
       'error-text': 'Quota Exceeded - rejected',
       'remaining-balance': '0.03050000',
       'message-price': '0.05050000',
       network: '732101' } ] }
??
21:09:00.004 INFO  Se ha enviadoFri Apr 20 2018 21:09:00 GMT-0500 (Hora est. Pacífico, Sudamérica)
{ 'message-count': '1',
  messages: 
   [ { to: '573208515855',
       status: '9',
       'error-text': 'Quota Exceeded - rejected',
       'remaining-balance': '0.03050000',
       'message-price': '0.05050000',
       network: '732101' } ] }
??
21:10:00.006 INFO  Se ha enviadoFri Apr 20 2018 21:10:00 GMT-0500 (Hora est. Pacífico, Sudamérica)
{ 'message-count': '1',
  messages: 
   [ { to: '573208515855',
       status: '9',
       'error-text': 'Quota Exceeded - rejected',
       'remaining-balance': '0.03050000',
       'message-price': '0.05050000',
       network: '732101' } ] }
??
21:11:00.005 INFO  Se ha enviadoFri Apr 20 2018 21:11:00 GMT-0500 (Hora est. Pacífico, Sudamérica)
{ 'message-count': '1',
  messages: 
   [ { to: '573208515855',
       status: '9',
       'error-text': 'Quota Exceeded - rejected',
       'remaining-balance': '0.03050000',
       'message-price': '0.05050000',
       network: '732101' } ] }
??
21:12:00.006 INFO  Se ha enviadoFri Apr 20 2018 21:12:00 GMT-0500 (Hora est. Pacífico, Sudamérica)
{ 'message-count': '1',
  messages: 
   [ { to: '573208515855',
       status: '9',
       'error-text': 'Quota Exceeded - rejected',
       'remaining-balance': '0.03050000',
       'message-price': '0.05050000',
       network: '732101' } ] }
??
21:13:00.005 INFO  Se ha enviadoFri Apr 20 2018 21:13:00 GMT-0500 (Hora est. Pacífico, Sudamérica)
{ 'message-count': '1',
  messages: 
   [ { to: '573208515855',
       status: '9',
       'error-text': 'Quota Exceeded - rejected',
       'remaining-balance': '0.03050000',
       'message-price': '0.05050000',
       network: '732101' } ] }
??
21:14:00.007 INFO  Se ha enviadoFri Apr 20 2018 21:14:00 GMT-0500 (Hora est. Pacífico, Sudamérica)
{ 'message-count': '1',
  messages: 
   [ { to: '573208515855',
       status: '9',
       'error-text': 'Quota Exceeded - rejected',
       'remaining-balance': '0.03050000',
       'message-price': '0.05050000',
       network: '732101' } ] }
??
21:15:00.001 INFO  Se ha enviadoFri Apr 20 2018 21:15:00 GMT-0500 (Hora est. Pacífico, Sudamérica)
{ 'message-count': '1',
  messages: 
   [ { to: '573208515855',
       status: '9',
       'error-text': 'Quota Exceeded - rejected',
       'remaining-balance': '0.03050000',
       'message-price': '0.05050000',
       network: '732101' } ] }
??
21:16:00.005 INFO  Se ha enviadoFri Apr 20 2018 21:16:00 GMT-0500 (Hora est. Pacífico, Sudamérica)
{ 'message-count': '1',
  messages: 
   [ { to: '573208515855',
       status: '9',
       'error-text': 'Quota Exceeded - rejected',
       'remaining-balance': '0.03050000',
       'message-price': '0.05050000',
       network: '732101' } ] }
??
21:17:00.007 INFO  Se ha enviadoFri Apr 20 2018 21:17:00 GMT-0500 (Hora est. Pacífico, Sudamérica)
{ 'message-count': '1',
  messages: 
   [ { to: '573208515855',
       status: '9',
       'error-text': 'Quota Exceeded - rejected',
       'remaining-balance': '0.03050000',
       'message-price': '0.05050000',
       network: '732101' } ] }
??
21:18:00.006 INFO  Se ha enviadoFri Apr 20 2018 21:18:00 GMT-0500 (Hora est. Pacífico, Sudamérica)
{ 'message-count': '1',
  messages: 
   [ { to: '573208515855',
       status: '9',
       'error-text': 'Quota Exceeded - rejected',
       'remaining-balance': '0.03050000',
       'message-price': '0.05050000',
       network: '732101' } ] }
??
21:19:00.006 INFO  Se ha enviadoFri Apr 20 2018 21:19:00 GMT-0500 (Hora est. Pacífico, Sudamérica)
{ 'message-count': '1',
  messages: 
   [ { to: '573208515855',
       status: '9',
       'error-text': 'Quota Exceeded - rejected',
       'remaining-balance': '0.03050000',
       'message-price': '0.05050000',
       network: '732101' } ] }
??
21:20:00.008 INFO  Se ha enviadoFri Apr 20 2018 21:20:00 GMT-0500 (Hora est. Pacífico, Sudamérica)
{ 'message-count': '1',
  messages: 
   [ { to: '573208515855',
       status: '9',
       'error-text': 'Quota Exceeded - rejected',
       'remaining-balance': '0.03050000',
       'message-price': '0.05050000',
       network: '732101' } ] }
??
21:21:00.004 INFO  Se ha enviadoFri Apr 20 2018 21:21:00 GMT-0500 (Hora est. Pacífico, Sudamérica)
{ 'message-count': '1',
  messages: 
   [ { to: '573208515855',
       status: '9',
       'error-text': 'Quota Exceeded - rejected',
       'remaining-balance': '0.03050000',
       'message-price': '0.05050000',
       network: '732101' } ] }
??
21:22:00.006 INFO  Se ha enviadoFri Apr 20 2018 21:22:00 GMT-0500 (Hora est. Pacífico, Sudamérica)
{ 'message-count': '1',
  messages: 
   [ { to: '573208515855',
       status: '9',
       'error-text': 'Quota Exceeded - rejected',
       'remaining-balance': '0.03050000',
       'message-price': '0.05050000',
       network: '732101' } ] }
??
21:23:00.005 INFO  Se ha enviadoFri Apr 20 2018 21:23:00 GMT-0500 (Hora est. Pacífico, Sudamérica)
{ 'message-count': '1',
  messages: 
   [ { to: '573208515855',
       status: '9',
       'error-text': 'Quota Exceeded - rejected',
       'remaining-balance': '0.03050000',
       'message-price': '0.05050000',
       network: '732101' } ] }
??
21:24:00.003 INFO  Se ha enviadoFri Apr 20 2018 21:24:00 GMT-0500 (Hora est. Pacífico, Sudamérica)
{ 'message-count': '1',
  messages: 
   [ { to: '573208515855',
       status: '9',
       'error-text': 'Quota Exceeded - rejected',
       'remaining-balance': '0.03050000',
       'message-price': '0.05050000',
       network: '732101' } ] }
??
21:25:00.005 INFO  Se ha enviadoFri Apr 20 2018 21:25:00 GMT-0500 (Hora est. Pacífico, Sudamérica)
{ 'message-count': '1',
  messages: 
   [ { to: '573208515855',
       status: '9',
       'error-text': 'Quota Exceeded - rejected',
       'remaining-balance': '0.03050000',
       'message-price': '0.05050000',
       network: '732101' } ] }
??
21:26:00.005 INFO  Se ha enviadoFri Apr 20 2018 21:26:00 GMT-0500 (Hora est. Pacífico, Sudamérica)
{ 'message-count': '1',
  messages: 
   [ { to: '573208515855',
       status: '9',
       'error-text': 'Quota Exceeded - rejected',
       'remaining-balance': '0.03050000',
       'message-price': '0.05050000',
       network: '732101' } ] }
??
21:27:00.005 INFO  Se ha enviadoFri Apr 20 2018 21:27:00 GMT-0500 (Hora est. Pacífico, Sudamérica)
{ 'message-count': '1',
  messages: 
   [ { to: '573208515855',
       status: '9',
       'error-text': 'Quota Exceeded - rejected',
       'remaining-balance': '0.03050000',
       'message-price': '0.05050000',
       network: '732101' } ] }
??
21:28:00.005 INFO  Se ha enviadoFri Apr 20 2018 21:28:00 GMT-0500 (Hora est. Pacífico, Sudamérica)
{ 'message-count': '1',
  messages: 
   [ { to: '573208515855',
       status: '9',
       'error-text': 'Quota Exceeded - rejected',
       'remaining-balance': '0.03050000',
       'message-price': '0.05050000',
       network: '732101' } ] }
??
21:29:00.005 INFO  Se ha enviadoFri Apr 20 2018 21:29:00 GMT-0500 (Hora est. Pacífico, Sudamérica)
{ 'message-count': '1',
  messages: 
   [ { to: '573208515855',
       status: '9',
       'error-text': 'Quota Exceeded - rejected',
       'remaining-balance': '0.03050000',
       'message-price': '0.05050000',
       network: '732101' } ] }
??
21:30:00.006 INFO  Se ha enviadoFri Apr 20 2018 21:30:00 GMT-0500 (Hora est. Pacífico, Sudamérica)
{ 'message-count': '1',
  messages: 
   [ { to: '573208515855',
       status: '9',
       'error-text': 'Quota Exceeded - rejected',
       'remaining-balance': '0.03050000',
       'message-price': '0.05050000',
       network: '732101' } ] }
??
21:31:00.005 INFO  Se ha enviadoFri Apr 20 2018 21:31:00 GMT-0500 (Hora est. Pacífico, Sudamérica)
{ 'message-count': '1',
  messages: 
   [ { to: '573208515855',
       status: '9',
       'error-text': 'Quota Exceeded - rejected',
       'remaining-balance': '0.03050000',
       'message-price': '0.05050000',
       network: '732101' } ] }
